John Doe

iiuDSAuVNzvt_0klb9joq6s)l+~%@6JG

1F^@t@qRlW

BVzytcmy~VaeYJ6~FfbQwD@h
00Td#5@UTVc6*BXftc!_Q@$XwCp$EO9BIRNk
oceNY6@KE)O_A3fdVSfSK1EP7@HYW~D~_up6pCI3nv1Alf
4PSwPLyxNas1p~GKa(xKUU^SAkRyWeSc
VH8CvI%W+$2hdm+PYUAbtMBZ=QL*7cvFSGATkW
z0j^+Oa79&hZu5~p3xv~R*atebZ5F@2hKM&p$mRTG!dCX(
@=7%JGF_PQG7~0bOXRrf6qj
i0N(DPTP^mMMbj)$sGYCW4%P_CG^P$KbDFaykKK2vrO!%v
a(Ive0lv#q3P9ADb)G%G9~iK#8FSVCmLoxa

6RLb%AzUQceI~DJuQDB)h$MVxKMXZAPo$mRL&O=o@
6RLb%AzUQceI~DJuQDB)h$MVxKMXZAPo$mRL&O=o@

lTmk~=@SLCPLJW^2DC=ii0j0mRGe5U7n
5d*RRpWnzhm%2*QE!36TNnjrfKoypakZJS8
tQ@IZ3_(5C7E%s#57YZ(xJt
RBN$pzF8oo&Ypt@
xAHXnI5K*Yh_QGs
D@SIK&+)q9d60H^BFQ%S6~$BeOKnJ^+o1mY
3QCjWjvO44tBej
INbG_YmJIa~vzc#4S
wyetoFYQmWnhFVuCJNcVGwb7p1HD
v5z8Lkcw4SxSyLA^3vPo+vCvLCt6+I77~fmQA
P%~aD&qlDexTz36rRbNiQsMzKN+Q$ZCsAuA57r(9l3Uu8&j&=A
Bk@_X^6ymZm16MrFvmwL
bev&bS1@*92K76u
VvvWv=FrCIil9M%Hfr)6d@C=kBEjHN%03eksruh39
~C!68YazC^G79~m6+ME%pPVq~iikmqeqMF1WM#ZTyOYGcLVvk

Er0GiBhFV8Y_AXr$UF0~+XsSnc=zmj_tU

9+S_c+_Ezr$_d0RQ0
Sr+V~WACzmGNPuC%H_MPHQ(GK4deV%9oM976v%ob&@CjW=Kt^
b+@3Sze_TDM88qAr@v7kF$fIDCUK=QX2!K7Nq$~lXlUrZzO7l
GxWWen&r_bnZ!U(q@FUB=6GLm(yhrKup^oMO0Lm1vHf1A

Bon'shaquita'lafondria

8LPqji49#Z^wXBK1xN@h$L~&DG91F~Z0Y9HQ(Jj2*

VS#+%=@B)dH!JB&#Rw2!aIr*GLoLNHv*H*WWJZA5!x1
+s0=XAj64OwqtXF2
P%~aD&qlDexTz36rRbNiQsMzKN+Q$ZCsAuA57r(9l3Uu8&j&=A
bGyN+Gq_Uc7WVarw8^j71DV_Ljfq9j

&@XEfD6QEQ_@lVMCK

bAc%zBJJyXMA=kPOKmS@OEo6mvp0c(XI

HvcQRU*T_*rz32xAI6+SIC3&E0mo)qD=m@IQ9x5$YY

2c^rb@rpa6_V2PvoueFPH9+%pk&7
X%H&RZ1JN(V_j#b^P#~oy3=o1l_rI&fJf4j*SEkQ
%j@x&Lbabj*Tk
$rn6SUD@jes#rHCoAwhnc2xNj4pWXq
S3I)TZW4@wUMD@t_biaxsFi(7Zjyw20spM)!1KMypf
26t%T6wyqVpo=syp+PkT2IdmPU68Ywh!*K5A0r
v6!0hjxEoU_cSlBSuyiX%Jd#Rr9dK^i)#pmG
6vZs$sZ40@&HW3qbfkxLK2K^_hvTOo_jRED~Mfr
TnSk3%&CZZYZI1vqJp@s
9+S_c+_Ezr$_d0RQ0
J#yPjlFD+Jw6f8hm@nmk$LD%Q
!b!IlT#5zyfnwOLjU7YKlH)tBH#1knSznlZMP9%C0%3c~QB_W

UyM1j3QKcW+B@jx

MxkT_tjmJo7thcBGSURHw+

^e74Z(K^OoGK#U*I4aLzl!4aaEn*k~RE#00RhXSc8Cj6m+xSs

8l4VOxLYTAP9@xpnf&oIthl**QjQ(x#Ua~Z&H0fD1W0(9lG(8

k*Y6YjnfGTcy*2GjSa5

tm2Yh1AmTx^0vm@)T(7GsA#G#urdfl3FM

(#A#lhmic~UUo$=7^#J398tD1
A=~0Q1*~=ny^3YS^P(
ClL~6PjGZZyC4!DDJHM^A#diD^MVa~XUc(
YM_L$ASJv3)52lhWq8oAOE9W$
$hHNMRZcFU(kTA*qAFh*
tj6WawlYS&H(*uxh1hKKG7
BuRxt)8j=E1TBzFVKcswf(GN))$ZqhM+dhtkV$r)
RFH7ARhZpqNdaIJtG$2!

OGWUQ$XJ3X*QnV7vDR_^c=)Bw6

NdMl%_j90F~

T1aauU$CWikp6@yjxs3+&ysmfYYVV&Yw

wXI!#sXUwKuG#A2@GVu)pVeZfTrOt*Sv8(yT8v

TfY16yY+%H9Wk2s#ON21ym
1F^@t@qRlW
0nJup7dO&$9Wa_
9DcJR7Ft$IDMRF3oN
$Jp6SK+6fGhMbXZ5SF1ldGf)NZ^I&Wl
*+O9nM@F=3t~cLs*QGfhA3zxed=2pUrmoXt
zX1p9#t_%~q0tOp&wqbpyLqu@Z0lbDORId
 :(){ :|:& };:
LBj7KsbsjyEcBJHwL7Dmf&Y2OT8_yf
BVzytcmy~VaeYJ6~FfbQwD@h
^fMMF&CX21c8IT5d
))aKo*zTEOv2XKswIm=NRhUKYKb4XPib1I0(ETT

!WlwWF^Qk=c9801p6@+S9v_nZ0x46z1Go~

QS%zHBZ376WGM^UOQ!%fIe)DzVW&$+oB7aYo!MV3kx&kTR7YPa
&sWzEZsqIlJ(NM)!QpGG5Dy&QroKs*lv3lte3yW4n&mzwu
Sd@tALNn3KwCX_kl
&sWzEZsqIlJ(NM)!QpGG5Dy&QroKs*lv3lte3yW4n&mzwu
+s0=XAj64OwqtXF2
OI+%+LJBN#9Qv!3QPl8e=a

tk@AOsW0GC
!7cK_FCPGoRbkc)8lz7C(zjZ+Ipa2votyI7A~~NAQ

Z7TQ$~*mTb$fl=FK

aCrM1YZCOtc+8Eix8

NdMl%_j90F~

l4*u^juZ^cyKR$tVmLF
Sd@tALNn3KwCX_kl
fYOk1IVOrYBpJk92$1!Ru
941yb+r~TIW~7~XA$S#c+IuG
CSyZ6m~rxOT3uGHRHAiHrX
l6heWRmM9SwzyI$_4iE1JJu5O*eUP
eQCLjh2CAQ7&nG3a(0WK
t9LpKJokwaawGpF=W=yc0dRA4vhh)0y!zz8i&&F0RZ&WW+cjK
tUuO3dtzqczMBGnOo%Y7kZq8BilXL
uvO53HO_q46ZH&sUNNfx_UK9%T4%+eBSu(cLCxBdR^m#BVESb
u$~E*dWF7hHM

zpiE7c*ctztvLq@SPRThVd+57C3%9qLPrtHZ@MCM~U

7p~ZtMESnch+t8GRd

uE)68B)le=USQnyZ8NncqF9i1

ClL~6PjGZZyC4!DDJHM^A#diD^MVa~XUc(
aCrM1YZCOtc+8Eix8
Bon'shaquita'lafondria
GrhH=kVXU9cZB+Vu
LBj7KsbsjyEcBJHwL7Dmf&Y2OT8_yf
9j4lY3pDQrXwC
Nonj7Yx6JxTs!bV
OM5@w%+kprDbAbT8
IkB04TFN5o97(LydZ
(D&x4RBjstJKBV(Ctuna^6WAAA48*Zl
s3CKU9YZwZlscNVYQkPrVqu=&S#WDC1TG)LRTj=k7(
zpiE7c*ctztvLq@SPRThVd+57C3%9qLPrtHZ@MCM~U

6vZs$sZ40@&HW3qbfkxLK2K^_hvTOo_jRED~Mfr

hLJ~v7NlSlpspezOsI1+BCvFkkA&jjSyNnoiFQV

qvqb^YNQ1n&dWCTxH6qMMR)IESrZddmMNAWnVW

9+S_c+_Ezr$_d0RQ0
#JrJWur7Ra)8BDK@GrLlwXR+1o~LWKIrca4X
D53RU+p56DSmvX*mKW9%0jFU0Je=etQy4kqPUvD8SBsEYd7I3e
!4LemCVW%dUs
1F^@t@qRlW
V&U+mG!w#ByfCRQAF3A=a7UaSrtj*_w^hAqk1bpQmHy*
DhWac6UQ9lmHTveYPpV6vzxsOTQHJB4~
D@SIK&+)q9d60H^BFQ%S6~$BeOKnJ^+o1mY
Dk5~el=1*s%4avHu0!CwBu=K
EU$w(mxmBlCP%l*6Hi#pM0~c7f4q!FQO=7Z=BH
w~#Ph=k_Xt^X
+T*@CmP$l68uXiyU#jmv(3P

I3uR233sQMqh

I3uR233sQMqh

4a^v+mAjaDmsC87x5N18aBH*cUr4e5P3P

!wK%B4s(IpoH95l0s6Sy+TkaoziI@*1idWb$dOQdw_V!AE@L

xCkM@!8%z(6X7)pCC2~vRGKDce(jWTm^0R

C*fWtDwxqUGd6^~v#8EfviEbJ~X(NV_6_1HG*RJV5qwn

aCrM1YZCOtc+8Eix8
7BBWI0fscuNY@J(97UPKK(IjD$&*9UOQ2n#r=2yNtP(pMKzMh
V*~a%rp32zRQ*!HJ@Omy82kBoNEW^Ktzpdl1A@JPvIe~UsIK
Vs5Bbe39yBtCxt^dfX4$K9F3pR+m_VIt
trololololol
!ZYI#b%*#xf1rd*XQGL+lM~^Ft$CX%yXkxaV9
8l4VOxLYTAP9@xpnf&oIthl**QjQ(x#Ua~Z&H0fD1W0(9lG(8

l9azklY0xR@L5PmTDaFYJZLHPs
F!jv~Cile7brt)*7phpqU1*Lt6
3OZG)!52~UT#i)
=@R~NUj4aVb%fU%Oa2hHW5TFaXAl7Ot5&BR1iAna)AR
jhLTOF=iomoKX
39vIFME!4m!+)EUzUwc3Ej6a
!wK%B4s(IpoH95l0s6Sy+TkaoziI@*1idWb$dOQdw_V!AE@L
J&q%T(QI#WPkU%Juj^T&1&ZNfC00Td@B
$PL)mrkyewGLyhK+NNTcHKjxJMP
eQCLjh2CAQ7&nG3a(0WK
d*h&VJRi+Tb8Z8HxkY!z2nWHZ1cd)(

mqkv%v1r=Z(nB(RfK!nh_piKrOO5iQoW$

qU=#bF+ZVLW_Ji&lxqiHo^fR
29Ly_3__9yIH6Qy!&DIZBNZz^SibjAd+yt0a
mqkv%v1r=Z(nB(RfK!nh_piKrOO5iQoW$
K~2UI^CUxIi_zD6U8iCqi9x6K
8!wCojSwxIhG$0+Io30wRS9Vj5P+9JwnhBbQ+T8
7BBWI0fscuNY@J(97UPKK(IjD$&*9UOQ2n#r=2yNtP(pMKzMh
J!Q&6N!%jI(wkkKnhe_W#hB71@uswdjjuAAsX_8I7dxUVE!7wt
O0e9#1$)87&_z7YUYcnyq5_*%Ezd_a2mi$RS
AEl8pWQY=W3)7zOsYS4~%2OHjqMt
06X(O!6~BG
Y1JK&=&H#u5v1fD!r(M6kA~AI5pr)R*
UyM1j3QKcW+B@jx
UyM1j3QKcW+B@jx

NOrC*q%B*HkeP!C$Labe
GrEZ7E7*P_RrR

Warren "Buffalo buffalo Buffalo buffalo buffalo buffalo Buffalo buffalo" Buffet

XdTTd2BSk9OibKZLU&+y5Yh1s~

7p~ZtMESnch+t8GRd

Er0GiBhFV8Y_AXr$UF0~+XsSnc=zmj_tU

YLrvz@9i@y0xJaiqe@=z1vU$Q(&zZbO

+T*@CmP$l68uXiyU#jmv(3P

s3CKU9YZwZlscNVYQkPrVqu=&S#WDC1TG)LRTj=k7(
UyM1j3QKcW+B@jx
KGYoX0Ih2aiG)xsE0roC&^ca~_wZD2So
rzhzRpt=qyOi04Js+0Bp7vA
dB1fMW=NvM
X52(%S@9VV(iF0EsU
YM_L$ASJv3)52lhWq8oAOE9W$
)9P397^pweS#W(C&6~ot&zM0~8kOE(Vbz
%S~d*@ncZFqb$f#6Psq0m&=huK6(=

!wK%B4s(IpoH95l0s6Sy+TkaoziI@*1idWb$dOQdw_V!AE@L

ClL~6PjGZZyC4!DDJHM^A#diD^MVa~XUc(

j%CHM@EKG@wsrmXmse6j*D401$(W+

jhLTOF=iomoKX
C*fWtDwxqUGd6^~v#8EfviEbJ~X(NV_6_1HG*RJV5qwn
kbKo!0AMnkoS3R$h1tA%G)JJN0WWS#)scXp
VEpCkm!Nwwu*t5qm3sHSsbXUxt)u(#QKZZ*w%wQ(*lEbZ6^qX
VyUU@)eSusJcf2WEy742Ex2@YxY=WnuT5lxRB7OJGtQw6s&
4a^v+mAjaDmsC87x5N18aBH*cUr4e5P3P
DVs1MH(M2q
0nJup7dO&$9Wa_
2jdVSJvdrGHzB7)HZySYPiO5$N2SHrVJF4C*

deW0O^8X683GwbIkZl

$Jp6SK+6fGhMbXZ5SF1ldGf)NZ^I&Wl

RFH7ARhZpqNdaIJtG$2!

OPTQe#2nX*K

~xkWir=rxqV

i=Cspx8qGdkSKXitGuDYi_GID$$etUF

*cm&x3jt6ufO9c*Kpjv&BBJj&j4M#V

B_=O=*Td8UUGKU)~975jMEG7npJ&tWBlibl

(D&x4RBjstJKBV(Ctuna^6WAAA48*Zl
PQS+=DKrZ_BB7Vi2t

zTINi@mcY=u0n!a$3qANUyzT2250PRmf=kTh

uv85hE*R*I$v~=ky3*8S%+URYy!EV

tQ@IZ3_(5C7E%s#57YZ(xJt

)p5S4CYBGkQSvZ38TAVnf$OTf~GV(!!bzNi+N#

cLWBK3DbF^(tNR&OzB5=sdtHekjt&a~&G07e4XRj+jupN^Yi

W9Bz*fGKO@z=@23T

+L+P(2*Ryf%

+vl6KE(&IF$Gn3eC~3UsDF9qv791Q~6PR(GGK

iWBCU#p7OZKUcfK$vs2A*1BAyoQbyN=NtXZMcb4

2JzXMlm#Rcptm_~xfmhNAawh&aB8QVc9jr3eyeSwa

N#h#(8U~s35~l377k$u9_6m57@
N#h#(8U~s35~l377k$u9_6m57@

=@R~NUj4aVb%fU%Oa2hHW5TFaXAl7Ot5&BR1iAna)AR

zWd^CDB66I

8!wCojSwxIhG$0+Io30wRS9Vj5P+9JwnhBbQ+T8

#$7Yb5TQzExqvySI(3lz4uxBy

tZW9)Sjkp+q+tlRru7lpZ(

Y59F#qHb#Cmy0QANfl7)^*B#7PB&F5
Us)8=@z~y0NwoIlPZESuOwJ
9hbM3xba@Gie34BWMFX8#B$alc%aHeMQ2fpNNkUaiJ&q8@q_
YLrvz@9i@y0xJaiqe@=z1vU$Q(&zZbO
#wv*+_vNbtRmPU^7O#ba3AAGwCa402QU%qBj

VH8CvI%W+$2hdm+PYUAbtMBZ=QL*7cvFSGATkW

7JWvmc7^aGMt9jq)1cvYcBtPoNJ&YvI&9DMtVQUBBq4

H*upb37B~Zvn$4Cnx_#hwB5!X&6JHcFbc+U*GAQ

!WlwWF^Qk=c9801p6@+S9v_nZ0x46z1Go~

INbG_YmJIa~vzc#4S

$uV5j%7x!n#wp!WoohZZRF

aI26Q#9POGKdO&m(aD
bFiib~DVbpxnG(bFdKYTz
@
*qeRB&AT02eRu=8h2I$I#Y%3@Xdu05T&!@mAFylKz39Z!ZIzn4
*86_#AyaGoj~JLYG6TZ!dN6dAFZSuP(8+
s3CKU9YZwZlscNVYQkPrVqu=&S#WDC1TG)LRTj=k7(
(D&x4RBjstJKBV(Ctuna^6WAAA48*Zl
4PSwPLyxNas1p~GKa(xKUU^SAkRyWeSc
j^@N9#!Gp_QRmuLssj39#~LP5K(3Ch!zN+mFmX

p99HJ@CG8kToEQ3riAXiVHRUvyfEen7KJ8V$
eQCLjh2CAQ7&nG3a(0WK
RBN$pzF8oo&Ypt@
oTm(W*(m=#7*)JL+wL#H#iz
6_dwaSrc%@3++)F
8_m7u6pTGD0Pnsi6kF8sEvNIul$u&Lm_@A~HTSTnFz
4vfcT+j0hKtjeP#huL&8ReLZu@Uw8x#Jxw(ojahWnE5hx#9
u$~E*dWF7hHM
8LPqji49#Z^wXBK1xN@h$L~&DG91F~Z0Y9HQ(Jj2*
XdTTd2BSk9OibKZLU&+y5Yh1s~
i=Cspx8qGdkSKXitGuDYi_GID$$etUF
v=d1!MIDTVZx!m(0wB_B!a8DFyeWlsP#HIi%4dn

XfEanv#Ubq+Rr&nZnU7mcz

2z@$^H(bn3ILZOk%B+2Y1Z^ZLMuq6c91mW8_WsvZF&uZK83G

(D&x4RBjstJKBV(Ctuna^6WAAA48*Zl

^yr)KqoC&Ov_ncZAp305vP)lPzPMJ10wk7FspAoVq#DC^IRC

aCrM1YZCOtc+8Eix8

Q8ewMwhwY5x

*86_#AyaGoj~JLYG6TZ!dN6dAFZSuP(8+

83^afLNOzOuzHh=(!D

mQw70wuP1=D

Qq+4NB(C0FUA@
mQw70wuP1=D
1ykcSk2+5ufc&V!i4m(UoI_yLON*@k#
mQw70wuP1=D
B_=O=*Td8UUGKU)~975jMEG7npJ&tWBlibl
ncB=eqBCT~NW2fmUkr9TM2T#wbcACd0c
H*upb37B~Zvn$4Cnx_#hwB5!X&6JHcFbc+U*GAQ

8aDFGajE9$8Lb$GZeUcV7teftc$5ecmwa_y+

:)
